LSTM
LSTMCell
Train Loss: 68.87 Perplexity: 3.35 Progress: 0%
Train Loss: 75.58 Perplexity: 3.44 Progress: 4%
Train Loss: 80.39 Perplexity: 3.69 Progress: 9%
Train Loss: 70.71 Perplexity: 3.43 Progress: 14%
Train Loss: 80.91 Perplexity: 3.62 Progress: 19%
Train Loss: 64.46 Perplexity: 3.08 Progress: 24%
Train Loss: 66.68 Perplexity: 3.05 Progress: 29%
Train Loss: 60.27 Perplexity: 2.84 Progress: 34%
Train Loss: 60.23 Perplexity: 3.16 Progress: 39%
Train Loss: 61.20 Perplexity: 2.82 Progress: 44%
Train Loss: 59.26 Perplexity: 2.80 Progress: 49%
Train Loss: 57.80 Perplexity: 3.02 Progress: 54%
Train Loss: 69.72 Perplexity: 3.14 Progress: 59%
Train Loss: 48.81 Perplexity: 2.67 Progress: 64%
Train Loss: 50.59 Perplexity: 3.03 Progress: 69%
Train Loss: 52.37 Perplexity: 2.70 Progress: 74%
Train Loss: 57.60 Perplexity: 2.93 Progress: 79%
Train Loss: 63.55 Perplexity: 3.00 Progress: 84%
Train Loss: 51.42 Perplexity: 2.73 Progress: 89%
Train Loss: 66.35 Perplexity: 3.32 Progress: 94%
Train Loss: 53.70 Perplexity: 2.79 Progress: 99%
### Epoch 0 Loss: 58.6789 ###
['<s>', 'i', 'keep', 'this', 'photograph', 'close', 'by', 'to', 'me', '--', 'it', '&apos;s', 'in', 'my', 'office', '--', 'because', 'i', '&apos;ve', 'always', 'felt', 'a', 'mystical', 'connection', 'to', 'these', 'two', 'men', ',', 'both', 'of', 'whom', 'i', 'never', 'knew', '.', '</s>']
['i', '&apos;m', 'to', 'this', 'this', 'this', 'this', ',', 'i', '&apos;m', 'on', '.', 'it', '&apos;s', 'in', 'my', 'office', ',', 'because', 'i', '&apos;ve', 'always', 'felt', 'a', 'a', 'connection', 'to', 'these', 'two', 'men', ',', 'i', '&apos;ve', 'never', 'been', 'know', '.']

['<s>', 'and', 'i', 'remember', 'there', 'sitting', 'at', 'my', 'desk', 'thinking', ',', '&quot;', 'well', ',', 'i', 'know', 'this', '.', 'this', 'is', 'a', 'great', 'scientific', 'discovery', ',', '&quot;', 'but', 'it', 'was', 'so', 'awful', '.', '</s>']
['and', 'i', 'remember', 'my', 'desk', ',', 'i', 'was', 'sitting', 'on', 'my', 'desk', ',', 'and', 'i', 'thought', ',', '&quot;', 'i', 'know', '.', 'what', 'a', 'great', 'scientific', 'discovery', ',', '&quot;', 'but', 'it', 'was', 'so', 'awful', '.']

['<s>', 'and', 'i', '&apos;m', 'hopeful', 'because', 'it', '&apos;s', 'not', 'only', 'philanthropy', 'that', '&apos;s', '<unk>', 'itself', ',', 'it', '&apos;s', 'also', 'whole', 'other', 'portions', 'of', 'the', 'social', 'sector', ',', 'and', 'of', 'business', ',', 'that', 'are', 'busy', 'challenging', '&quot;', 'business', 'as', 'usual', '.', '&quot;', '</s>']
['and', 'i', '&apos;m', 'hopeful', 'because', 'not', 'only', 'the', 'philanthropy', 'is', 'organized', ',', 'and', 'other', 'other', 'of', 'social', '<unk>', 'and', 'and', 'in', 'the', 'business', ',', ',', 'the', 'business', 'is', '<unk>', '<unk>', '.']

['<s>', 'there', 'are', 'now', ',', 'today', ',', 'so', 'many', 'new', 'funds', 'that', 'are', '<unk>', 'giving', 'and', 'investing', ',', 'bringing', 'together', 'people', 'around', 'a', 'common', 'goal', ',', 'to', 'think', 'bigger', '.', '</s>']
['now', 'today', ',', 'there', 'are', 'so', 'many', 'new', 'foundations', ',', 'the', '<unk>', 'and', 'investments', ',', 'the', 'people', 'together', 'together', ',', 'in', 'together', ',', 'in', 'a', 'a', ',', 'in', 'a', 'larger', 'context', '.']

['<s>', 'clay', 'shirky', ',', 'that', 'great', '<unk>', 'of', 'everything', 'networked', ',', 'has', 'captured', 'the', 'assumption', 'that', 'this', 'challenges', 'in', 'such', 'a', 'beautiful', 'way', '.', '</s>']
['clay', 'shirky', ',', 'this', 'great', '<unk>', 'of', 'all', 'the', ',', 'has', 'the', 'the', 'that', 'that', 'is', 'the', 'the', '<unk>', ',', 'which', 'is', 'how', 'wonderful', '.']

['<s>', 'they', '&apos;re', 'closed', 'more', 'and', 'more', 'and', 'more', 'all', 'around', 'the', 'world', 'for', 'the', 'same', 'reason', ',', 'and', 'i', 'believe', 'we', 'shouldn', '&apos;t', 'tolerate', 'that', 'either', '.', '</s>']
['they', '&apos;re', 'all', 'all', 'the', 'the', 'world', 'and', 'and', 'more', 'and', 'more', 'and', 'more', 'and', 'and', 'i', 'think', 'that', '&apos;s', 'what', 'we', 'should', 'to', '.']

['<s>', 'i', 'started', 'out', 'showing', 'how', 'much', 'we', 'had', 'distressed', 'the', 'monterey', 'bay', 'ecosystem', 'with', 'pollution', 'and', 'the', 'canning', 'industry', 'and', 'all', 'of', 'the', 'attendant', 'problems', '.', '</s>']
['i', 'started', 'in', 'the', 'past', ',', ',', 'how', 'how', 'we', 'have', 'the', 'ecosystem', 'of', 'monterey', 'bay', ',', 'through', 'pollution', 'and', 'the', 'and', 'and', 'the', 'all', 'kinds', 'of', 'problems', '.']

['<s>', 'and', 'just', 'around', 'that', 'time', ',', 'his', 'mother', 'had', 'said', ',', '&quot;', 'have', 'you', 'seen', 'this', 'book', 'by', 'michael', '<unk>', 'called', '&apos;', 'war', 'horse', '&apos;', '?', '&quot;', '</s>']
['about', 'at', 'the', 'same', 'time', ',', 'him', ',', '&quot;', ',', '&quot;', 'do', 'you', 'know', 'the', 'book', 'of', 'michael', '<unk>', '?', 'the', '&quot;', '?', '&quot;']

['<s>', 'and', 'you', 'know', ',', 'our', 'modern', 'ways', 'of', 'doing', 'things', 'have', 'their', 'advantages', ',', 'but', 'i', 'believe', 'we', 'should', 'understand', 'the', 'costs', '.', '</s>']
['it', '&apos;s', ',', 'our', 'modern', 'kind', 'of', 'a', 'something', 'like', 'this', ',', ',', 'but', 'i', 'think', 'we', 'should', 'also', 'recognize', ',', 'which', 'price', '.']

['<s>', 'here', '&apos;s', 'a', 'diagram', 'of', 'the', '<unk>', 'load', 'of', 'dolphins', 'in', '<unk>', 'bay', '.', '</s>']
['here', '&apos;s', 'a', 'diagram', 'of', 'the', 'dolphins', 'in', 'the', '<unk>', 'bay', '.']

['<s>', 'now', 'why', 'does', 'that', 'matter', 'for', 'human', 'health', '?', '</s>']
['now', ',', 'why', 'does', 'this', 'matter', 'be', 'a', 'role', 'for', 'human', 'health', '?']

['<s>', 'here', ',', 'craig', 'is', 'working', 'the', 'head', '.', '</s>']
['craig', 'here', 'the', 'head', '.']

['<s>', 'you', 'see', 'the', 'skeletal', 'structure', 'of', 'it', '.', '</s>']
['you', '&apos;re', 'still', 'the', 'skeleton', '.']

['<s>', 'so', ',', 'we', 'have', 'this', 'ability', 'as', 'well', '.', '</s>']
['we', 'also', 'have', 'this', 'ability', '.']

['<s>', 'ak', ':', '<unk>', '<unk>', '<unk>', '.', '</s>']
['<unk>', '--', '<unk>', '<unk>', '.']

['<s>', 'ak', ':', 'we', 'were', 'terrified', '.', '</s>']
['we', 'really', 'really', 'fear', '.']

['<s>', 'we', 'worry', 'that', 'im', ',', 'texting', ',', 'facebook', 'are', '<unk>', 'human', 'intimacy', ',', 'but', '<unk>', '<unk>', '&apos;s', 'research', 'shows', 'how', 'communication', 'tech', 'is', 'capable', 'of', 'cultivating', 'deeper', 'relationships', ',', 'bringing', 'love', 'across', 'barriers', 'like', 'distance', 'and', 'workplace', 'rules', '.', '</s>']
['we', 'we', 'worried', 'about', 'that', ',', ',', ',', ',', ',', ',', ',', ',', ',', ',', '<unk>', 'research', ',', 'the', 'the', 'the', 'the', 'the', 'the', 'to', 'make', 'the', 'more', 'of', 'relationships', ',', 'to', 'make', 'love', 'of', 'the', 'and', 'and', 'and', 'and', '.']

['<s>', 'one', 'of', 'the', 'things', 'that', 'we', '&apos;ve', 'developed', 'in', 'the', 'lab', '--', 'we', '&apos;ve', 'developed', 'several', 'vehicles', '--', 'is', 'what', 'we', 'believe', 'is', 'the', 'world', '&apos;s', 'first', 'autonomously', 'drifting', 'car', '.', '</s>']
['one', 'of', 'the', 'things', 'we', '&apos;ve', 'developed', 'in', 'the', 'lab', '--', 'we', '&apos;ve', 'developed', 'several', 'vehicles', '--', '--', 'is', 'how', 'we', 'believe', ',', 'the', 'first', 'autonomous', '<unk>', 'of', 'the', 'world', '.']

['<s>', 'and', 'he', 'did', 'sometimes', ',', 'believe', 'it', 'or', 'not', ',', 'at', 'a', '<unk>', 'in', 'los', 'angeles', '--', 'one', 'reason', 'to', 'love', 'l.a.', '--', 'back', 'in', 'the', '1940s', '.', '</s>']
['and', 'he', 'won', ',', ',', 'you', ',', 'you', ',', 'you', 'can', '&apos;t', 'think', 'in', 'a', 'in', 'los', 'angeles', '--', 'a', 'reason', 'to', 'love', 'love', '--', 'in', 'the', 'the', 'the', '.']

['<s>', 'i', 'started', 'my', 'firm', 'to', 'help', 'communities', 'across', 'the', 'country', 'realize', 'their', 'own', 'potential', 'to', 'improve', 'everything', 'about', 'the', 'quality', 'of', 'life', 'for', 'their', 'people', '.', '</s>']
['i', 'started', 'to', 'to', 'to', 'to', 'to', 'communities', 'in', 'the', 'country', 'to', 'help', 'their', 'their', 'potential', 'potential', 'to', 'improve', 'the', 'entire', 'quality', 'of', 'life', 'of', 'their', 'people', '.']

Epoch 0 validation BLUE score: 0.2441
Train Loss: 68.10 Perplexity: 3.27 Progress: 0%
Train Loss: 59.72 Perplexity: 3.14 Progress: 4%
Train Loss: 66.17 Perplexity: 3.53 Progress: 9%
Train Loss: 63.44 Perplexity: 2.92 Progress: 14%
Train Loss: 59.53 Perplexity: 3.15 Progress: 19%
Train Loss: 55.26 Perplexity: 3.00 Progress: 24%
Train Loss: 57.88 Perplexity: 2.92 Progress: 29%
Train Loss: 61.30 Perplexity: 3.02 Progress: 34%
Train Loss: 70.64 Perplexity: 3.35 Progress: 39%
Train Loss: 51.02 Perplexity: 2.79 Progress: 44%
Train Loss: 57.99 Perplexity: 3.08 Progress: 49%
Train Loss: 66.40 Perplexity: 3.20 Progress: 54%
Train Loss: 70.26 Perplexity: 3.43 Progress: 59%
Train Loss: 57.32 Perplexity: 3.05 Progress: 64%
Train Loss: 63.89 Perplexity: 3.12 Progress: 69%
Train Loss: 53.87 Perplexity: 2.87 Progress: 74%
Train Loss: 50.60 Perplexity: 2.74 Progress: 79%
Train Loss: 53.93 Perplexity: 2.99 Progress: 84%
Train Loss: 48.17 Perplexity: 2.77 Progress: 89%
Train Loss: 46.18 Perplexity: 2.46 Progress: 94%
Train Loss: 48.99 Perplexity: 2.59 Progress: 99%
### Epoch 1 Loss: 57.1057 ###
['<s>', 'i', 'keep', 'this', 'photograph', 'close', 'by', 'to', 'me', '--', 'it', '&apos;s', 'in', 'my', 'office', '--', 'because', 'i', '&apos;ve', 'always', 'felt', 'a', 'mystical', 'connection', 'to', 'these', 'two', 'men', ',', 'both', 'of', 'whom', 'i', 'never', 'knew', '.', '</s>']
['i', '&apos;m', 'to', 'this', 'this', 'this', 'to', 'me', '.', 'it', '&apos;s', 'in', 'my', 'office', ',', 'because', 'i', '&apos;ve', 'always', 'felt', 'a', 'a', 'connection', 'to', 'these', 'two', 'men', ',', 'i', '&apos;ve', 'never', 'been', 'know', '.']

['<s>', 'and', 'i', 'remember', 'there', 'sitting', 'at', 'my', 'desk', 'thinking', ',', '&quot;', 'well', ',', 'i', 'know', 'this', '.', 'this', 'is', 'a', 'great', 'scientific', 'discovery', ',', '&quot;', 'but', 'it', 'was', 'so', 'awful', '.', '</s>']
['and', 'i', 'remember', 'my', 'desk', ',', 'i', 'sat', 'on', 'my', 'desk', ',', 'and', 'i', 'thought', ',', '&quot;', 'i', 'know', '.', 'what', 'a', 'great', 'scientific', 'discovery', ',', '&quot;', 'but', 'it', 'was', 'so', 'awful', '.']

['<s>', 'and', 'i', '&apos;m', 'hopeful', 'because', 'it', '&apos;s', 'not', 'only', 'philanthropy', 'that', '&apos;s', '<unk>', 'itself', ',', 'it', '&apos;s', 'also', 'whole', 'other', 'portions', 'of', 'the', 'social', 'sector', ',', 'and', 'of', 'business', ',', 'that', 'are', 'busy', 'challenging', '&quot;', 'business', 'as', 'usual', '.', '&quot;', '</s>']
['and', 'i', '&apos;m', 'not', ',', 'because', 'not', 'only', 'the', 'philanthropy', 'is', 'organized', ',', 'and', 'other', 'other', 'of', 'social', '<unk>', 'and', 'and', 'in', 'business', ',', ',', 'the', 'business', 'as', 'the', 'business', 'as', 'it', '&apos;s', '.']

['<s>', 'there', 'are', 'now', ',', 'today', ',', 'so', 'many', 'new', 'funds', 'that', 'are', '<unk>', 'giving', 'and', 'investing', ',', 'bringing', 'together', 'people', 'around', 'a', 'common', 'goal', ',', 'to', 'think', 'bigger', '.', '</s>']
['now', ',', 'there', 'are', 'so', 'many', 'new', 'foundations', ',', 'the', '<unk>', 'and', 'investment', 'and', 'investment', 'that', 'people', 'together', 'together', ',', 'in', ',', 'in', 'a', 'a', ',', 'in', 'a', 'larger', 'context', '.']

['<s>', 'clay', 'shirky', ',', 'that', 'great', '<unk>', 'of', 'everything', 'networked', ',', 'has', 'captured', 'the', 'assumption', 'that', 'this', 'challenges', 'in', 'such', 'a', 'beautiful', 'way', '.', '</s>']
['clay', 'shirky', ',', 'this', 'great', '<unk>', 'of', 'all', 'the', ',', 'has', 'the', 'the', 'that', 'that', 'the', 'the', 'the', '<unk>', ',', 'which', 'is', 'what', 'wonderful', '.']

['<s>', 'they', '&apos;re', 'closed', 'more', 'and', 'more', 'and', 'more', 'all', 'around', 'the', 'world', 'for', 'the', 'same', 'reason', ',', 'and', 'i', 'believe', 'we', 'shouldn', '&apos;t', 'tolerate', 'that', 'either', '.', '</s>']
['they', '&apos;re', 'all', 'all', 'the', 'the', 'world', 'and', 'and', 'more', 'and', 'more', 'and', 'more', 'and', 'and', 'i', 'think', 'that', 'should', 'let', 'it', '.']

['<s>', 'i', 'started', 'out', 'showing', 'how', 'much', 'we', 'had', 'distressed', 'the', 'monterey', 'bay', 'ecosystem', 'with', 'pollution', 'and', 'the', 'canning', 'industry', 'and', 'all', 'of', 'the', 'attendant', 'problems', '.', '</s>']
['i', 'started', 'in', 'the', ',', ',', 'how', 'how', 'we', 'have', 'the', 'ecosystem', 'of', 'monterey', 'bay', ',', 'through', 'pollution', 'and', 'the', 'and', 'and', 'all', 'kinds', 'of', 'problems', '.']

['<s>', 'and', 'just', 'around', 'that', 'time', ',', 'his', 'mother', 'had', 'said', ',', '&quot;', 'have', 'you', 'seen', 'this', 'book', 'by', 'michael', '<unk>', 'called', '&apos;', 'war', 'horse', '&apos;', '?', '&quot;', '</s>']
['about', 'at', 'the', 'same', 'time', ',', 'him', 'asked', 'him', ',', '&quot;', 'do', 'you', 'know', 'the', 'book', 'of', 'michael', '<unk>', '?', '&quot;', 'the', '?', '&quot;']

['<s>', 'and', 'you', 'know', ',', 'our', 'modern', 'ways', 'of', 'doing', 'things', 'have', 'their', 'advantages', ',', 'but', 'i', 'believe', 'we', 'should', 'understand', 'the', 'costs', '.', '</s>']
['it', '&apos;s', 'our', 'modern', 'kind', 'of', 'a', 'to', 'a', 'something', 'like', ',', 'but', 'i', 'think', 'we', 'should', 'also', 'realize', 'what', 'price', 'price', '.']

['<s>', 'here', '&apos;s', 'a', 'diagram', 'of', 'the', '<unk>', 'load', 'of', 'dolphins', 'in', '<unk>', 'bay', '.', '</s>']
['here', '&apos;s', 'a', 'graph', 'of', 'the', 'dolphins', 'in', 'the', '<unk>', 'bay', '.']

['<s>', 'now', 'why', 'does', 'that', 'matter', 'for', 'human', 'health', '?', '</s>']
['now', ',', 'why', 'does', 'this', 'matter', 'a', 'role', 'for', 'human', 'health', '?']

['<s>', 'here', ',', 'craig', 'is', 'working', 'the', 'head', '.', '</s>']
['craig', 'here', 'the', 'head', '.']

['<s>', 'you', 'see', 'the', 'skeletal', 'structure', 'of', 'it', '.', '</s>']
['you', 'saw', 'the', 'skeleton', '.']

['<s>', 'so', ',', 'we', 'have', 'this', 'ability', 'as', 'well', '.', '</s>']
['we', 'also', 'have', 'this', 'ability', '.']

['<s>', 'ak', ':', '<unk>', '<unk>', '<unk>', '.', '</s>']
['<unk>', '--', '<unk>', '<unk>', '.']

['<s>', 'ak', ':', 'we', 'were', 'terrified', '.', '</s>']
['we', 'really', 'really', 'fear', '.']

['<s>', 'we', 'worry', 'that', 'im', ',', 'texting', ',', 'facebook', 'are', '<unk>', 'human', 'intimacy', ',', 'but', '<unk>', '<unk>', '&apos;s', 'research', 'shows', 'how', 'communication', 'tech', 'is', 'capable', 'of', 'cultivating', 'deeper', 'relationships', ',', 'bringing', 'love', 'across', 'barriers', 'like', 'distance', 'and', 'workplace', 'rules', '.', '</s>']
['we', 'we', 'worried', 'about', 'that', ',', ',', ',', ',', ',', ',', ',', ',', ',', 'but', '<unk>', '<unk>', 'research', ',', 'the', 'the', 'the', 'the', 'the', 'to', 'the', 'to', 'the', 'to', 'make', 'love', 'of', 'the', 'to', 'and', 'and', 'and', 'and', 'and', '.']

['<s>', 'one', 'of', 'the', 'things', 'that', 'we', '&apos;ve', 'developed', 'in', 'the', 'lab', '--', 'we', '&apos;ve', 'developed', 'several', 'vehicles', '--', 'is', 'what', 'we', 'believe', 'is', 'the', 'world', '&apos;s', 'first', 'autonomously', 'drifting', 'car', '.', '</s>']
['one', 'of', 'the', 'things', 'we', '&apos;ve', 'developed', 'in', 'the', 'laboratory', '--', 'we', 'developed', 'several', 'vehicles', '--', '--', 'is', 'how', 'we', 'believe', ',', 'the', 'first', 'autonomous', '<unk>', 'of', 'the', 'world', '.']

['<s>', 'and', 'he', 'did', 'sometimes', ',', 'believe', 'it', 'or', 'not', ',', 'at', 'a', '<unk>', 'in', 'los', 'angeles', '--', 'one', 'reason', 'to', 'love', 'l.a.', '--', 'back', 'in', 'the', '1940s', '.', '</s>']
['and', 'he', 'won', 'sometimes', ',', 'you', ',', 'you', ',', 'you', 'can', '&apos;t', 'think', 'in', 'a', 'in', 'los', 'angeles', '--', 'a', 'reason', 'to', 'love', 'love', '--', 'in', 'the', 'the', 'the', 'the', '.']

['<s>', 'i', 'started', 'my', 'firm', 'to', 'help', 'communities', 'across', 'the', 'country', 'realize', 'their', 'own', 'potential', 'to', 'improve', 'everything', 'about', 'the', 'quality', 'of', 'life', 'for', 'their', 'people', '.', '</s>']
['i', 'started', 'to', 'to', 'to', 'to', 'to', 'communities', 'in', 'the', 'country', 'to', 'help', 'their', 'their', 'potential', 'potential', 'to', 'improve', 'the', 'entire', 'quality', 'of', 'life', 'of', 'their', 'people', '.']

Epoch 1 validation BLUE score: 0.2460
Train Loss: 55.39 Perplexity: 2.79 Progress: 0%
Train Loss: 55.38 Perplexity: 2.91 Progress: 4%
Train Loss: 59.92 Perplexity: 2.95 Progress: 9%
Train Loss: 55.64 Perplexity: 2.92 Progress: 14%
Train Loss: 63.00 Perplexity: 3.14 Progress: 19%
Train Loss: 50.81 Perplexity: 2.89 Progress: 24%
Train Loss: 56.96 Perplexity: 2.88 Progress: 29%
Train Loss: 50.26 Perplexity: 2.72 Progress: 34%
Train Loss: 52.41 Perplexity: 2.75 Progress: 39%
Train Loss: 67.31 Perplexity: 3.18 Progress: 44%
Train Loss: 53.74 Perplexity: 2.75 Progress: 49%
Train Loss: 53.35 Perplexity: 2.87 Progress: 54%
Train Loss: 53.46 Perplexity: 2.79 Progress: 59%
Train Loss: 41.05 Perplexity: 2.36 Progress: 64%
Train Loss: 61.19 Perplexity: 3.14 Progress: 69%
Train Loss: 56.54 Perplexity: 2.93 Progress: 74%
Train Loss: 57.05 Perplexity: 2.99 Progress: 79%
Train Loss: 60.14 Perplexity: 2.96 Progress: 84%
Train Loss: 50.78 Perplexity: 2.46 Progress: 89%
Train Loss: 56.57 Perplexity: 2.66 Progress: 94%
Train Loss: 60.38 Perplexity: 2.91 Progress: 99%
### Epoch 2 Loss: 56.0194 ###
['<s>', 'i', 'keep', 'this', 'photograph', 'close', 'by', 'to', 'me', '--', 'it', '&apos;s', 'in', 'my', 'office', '--', 'because', 'i', '&apos;ve', 'always', 'felt', 'a', 'mystical', 'connection', 'to', 'these', 'two', 'men', ',', 'both', 'of', 'whom', 'i', 'never', 'knew', '.', '</s>']
['i', '&apos;m', 'to', 'this', 'this', 'this', 'this', ',', 'i', '&apos;m', 'on', '.', 'it', '&apos;s', 'in', 'my', 'office', ',', 'because', 'i', '&apos;ve', 'always', 'felt', 'a', 'a', 'connection', 'to', 'these', 'two', 'men', ',', 'i', '&apos;ve', 'never', 'been', 'know', '.']

['<s>', 'and', 'i', 'remember', 'there', 'sitting', 'at', 'my', 'desk', 'thinking', ',', '&quot;', 'well', ',', 'i', 'know', 'this', '.', 'this', 'is', 'a', 'great', 'scientific', 'discovery', ',', '&quot;', 'but', 'it', 'was', 'so', 'awful', '.', '</s>']
['and', 'i', 'remember', 'my', 'desk', ',', 'i', 'was', 'sitting', 'on', 'my', 'desk', ',', 'and', 'i', 'thought', ',', '&quot;', 'i', 'know', '.', 'what', 'a', 'great', 'scientific', 'discovery', '.', '&quot;', 'but', 'it', 'was', 'so', 'awful', '.']

['<s>', 'and', 'i', '&apos;m', 'hopeful', 'because', 'it', '&apos;s', 'not', 'only', 'philanthropy', 'that', '&apos;s', '<unk>', 'itself', ',', 'it', '&apos;s', 'also', 'whole', 'other', 'portions', 'of', 'the', 'social', 'sector', ',', 'and', 'of', 'business', ',', 'that', 'are', 'busy', 'challenging', '&quot;', 'business', 'as', 'usual', '.', '&quot;', '</s>']
['and', 'i', '&apos;m', 'hopeful', ',', 'because', 'not', 'only', 'the', 'philanthropy', 'is', 'organized', ',', 'and', 'other', 'other', 'and', 'the', 'social', 'and', 'and', 'in', 'business', ',', ',', 'the', 'business', 'as', 'it', '&apos;s', '<unk>', '.']

['<s>', 'there', 'are', 'now', ',', 'today', ',', 'so', 'many', 'new', 'funds', 'that', 'are', '<unk>', 'giving', 'and', 'investing', ',', 'bringing', 'together', 'people', 'around', 'a', 'common', 'goal', ',', 'to', 'think', 'bigger', '.', '</s>']
['now', ',', 'there', 'are', 'so', 'many', 'new', 'foundations', ',', 'the', '<unk>', 'and', 'investment', ',', ',', 'the', 'people', 'together', 'together', ',', 'in', ',', 'in', 'a', 'a', ',', 'in', 'a', 'larger', 'context', '.']

['<s>', 'clay', 'shirky', ',', 'that', 'great', '<unk>', 'of', 'everything', 'networked', ',', 'has', 'captured', 'the', 'assumption', 'that', 'this', 'challenges', 'in', 'such', 'a', 'beautiful', 'way', '.', '</s>']
['clay', 'shirky', ',', 'this', 'great', '<unk>', 'of', 'all', 'the', ',', 'has', 'the', 'the', 'that', 'that', 'is', 'the', 'the', 'the', '<unk>', ',', 'which', 'is', 'what', 'wonderful', '.']

['<s>', 'they', '&apos;re', 'closed', 'more', 'and', 'more', 'and', 'more', 'all', 'around', 'the', 'world', 'for', 'the', 'same', 'reason', ',', 'and', 'i', 'believe', 'we', 'shouldn', '&apos;t', 'tolerate', 'that', 'either', '.', '</s>']
['they', '&apos;re', 'all', 'all', 'the', 'the', 'and', 'more', 'more', 'and', 'more', 'and', 'more', 'and', 'and', 'i', 'think', 'that', 'should', 'let', 'the', '<unk>', '.']

['<s>', 'i', 'started', 'out', 'showing', 'how', 'much', 'we', 'had', 'distressed', 'the', 'monterey', 'bay', 'ecosystem', 'with', 'pollution', 'and', 'the', 'canning', 'industry', 'and', 'all', 'of', 'the', 'attendant', 'problems', '.', '</s>']
['i', 'started', 'in', 'the', 'past', ',', ',', 'how', 'how', 'we', 'have', 'the', 'ecosystem', 'of', 'monterey', 'bay', ',', 'through', 'pollution', 'and', 'the', 'and', 'and', 'all', 'kinds', 'of', 'problems', '.']

['<s>', 'and', 'just', 'around', 'that', 'time', ',', 'his', 'mother', 'had', 'said', ',', '&quot;', 'have', 'you', 'seen', 'this', 'book', 'by', 'michael', '<unk>', 'called', '&apos;', 'war', 'horse', '&apos;', '?', '&quot;', '</s>']
['about', 'at', 'the', 'same', 'time', ',', 'him', 'asked', 'him', ',', '&quot;', 'do', 'you', 'know', 'the', 'book', 'of', 'michael', '<unk>', '?', 'the', '&quot;', '?', '&quot;']

['<s>', 'and', 'you', 'know', ',', 'our', 'modern', 'ways', 'of', 'doing', 'things', 'have', 'their', 'advantages', ',', 'but', 'i', 'believe', 'we', 'should', 'understand', 'the', 'costs', '.', '</s>']
['it', '&apos;s', 'has', 'our', 'modern', 'kind', 'of', 'a', 'something', 'like', 'this', ',', 'but', 'i', 'think', 'we', 'should', 'also', 'recognize', ',', 'which', 'price', '.']

['<s>', 'here', '&apos;s', 'a', 'diagram', 'of', 'the', '<unk>', 'load', 'of', 'dolphins', 'in', '<unk>', 'bay', '.', '</s>']
['here', '&apos;s', 'a', 'graph', 'of', 'the', '<unk>', 'of', 'dolphins', 'in', 'the', '<unk>', 'bay', '.']

['<s>', 'now', 'why', 'does', 'that', 'matter', 'for', 'human', 'health', '?', '</s>']
['now', ',', 'why', 'does', 'this', 'a', 'role', 'for', 'human', 'health', '?']

['<s>', 'here', ',', 'craig', 'is', 'working', 'the', 'head', '.', '</s>']
['craig', 'here', 'the', 'head', '.']

['<s>', 'you', 'see', 'the', 'skeletal', 'structure', 'of', 'it', '.', '</s>']
['you', 'saw', 'the', 'skeleton', '.']

['<s>', 'so', ',', 'we', 'have', 'this', 'ability', 'as', 'well', '.', '</s>']
['we', 'also', 'have', 'this', 'ability', '.']

['<s>', 'ak', ':', '<unk>', '<unk>', '<unk>', '.', '</s>']
['<unk>', '--', '<unk>', '<unk>', '.']

['<s>', 'ak', ':', 'we', 'were', 'terrified', '.', '</s>']
['we', 'really', 'really', 'afraid', '.']

['<s>', 'we', 'worry', 'that', 'im', ',', 'texting', ',', 'facebook', 'are', '<unk>', 'human', 'intimacy', ',', 'but', '<unk>', '<unk>', '&apos;s', 'research', 'shows', 'how', 'communication', 'tech', 'is', 'capable', 'of', 'cultivating', 'deeper', 'relationships', ',', 'bringing', 'love', 'across', 'barriers', 'like', 'distance', 'and', 'workplace', 'rules', '.', '</s>']
['we', 'we', 'worried', 'about', 'that', ',', ',', ',', ',', ',', ',', ',', ',', 'but', '<unk>', '<unk>', 'research', 'language', ',', 'how', 'the', 'the', 'the', 'to', 'the', 'to', 'the', 'to', 'make', 'love', 'for', 'the', 'to', 'to', 'them', ',', 'and', 'and', 'them', '.']

['<s>', 'one', 'of', 'the', 'things', 'that', 'we', '&apos;ve', 'developed', 'in', 'the', 'lab', '--', 'we', '&apos;ve', 'developed', 'several', 'vehicles', '--', 'is', 'what', 'we', 'believe', 'is', 'the', 'world', '&apos;s', 'first', 'autonomously', 'drifting', 'car', '.', '</s>']
['one', 'of', 'the', 'things', 'we', '&apos;ve', 'developed', 'in', 'the', 'lab', '--', 'we', 'developed', 'several', 'vehicles', '--', '--', 'is', 'we', 'believe', ',', 'the', 'first', 'autonomous', '<unk>', 'of', 'the', 'world', '.']

['<s>', 'and', 'he', 'did', 'sometimes', ',', 'believe', 'it', 'or', 'not', ',', 'at', 'a', '<unk>', 'in', 'los', 'angeles', '--', 'one', 'reason', 'to', 'love', 'l.a.', '--', 'back', 'in', 'the', '1940s', '.', '</s>']
['and', 'he', 'won', ',', ',', 'you', ',', 'you', ',', 'you', 'can', '&apos;t', 'think', 'in', 'a', 'in', 'los', 'angeles', '--', 'a', 'reason', 'to', 'love', 'love', '--', 'in', 'the', 'the', '.']

['<s>', 'i', 'started', 'my', 'firm', 'to', 'help', 'communities', 'across', 'the', 'country', 'realize', 'their', 'own', 'potential', 'to', 'improve', 'everything', 'about', 'the', 'quality', 'of', 'life', 'for', 'their', 'people', '.', '</s>']
['i', 'started', 'to', 'to', 'to', 'to', 'to', 'communities', 'across', 'the', 'country', ',', 'to', 'their', 'their', 'potential', 'potential', 'to', 'improve', 'the', 'entire', 'quality', 'of', 'life', 'of', 'their', 'people', '.']

Epoch 2 validation BLUE score: 0.2493
Train Loss: 49.74 Perplexity: 2.61 Progress: 0%
Train Loss: 59.10 Perplexity: 2.88 Progress: 4%
Train Loss: 69.39 Perplexity: 3.20 Progress: 9%
Train Loss: 54.37 Perplexity: 2.64 Progress: 14%
Train Loss: 46.85 Perplexity: 2.72 Progress: 19%
Train Loss: 58.04 Perplexity: 2.76 Progress: 24%
Train Loss: 63.84 Perplexity: 2.97 Progress: 29%
Train Loss: 56.38 Perplexity: 2.99 Progress: 34%
Train Loss: 63.07 Perplexity: 3.03 Progress: 39%
Train Loss: 60.51 Perplexity: 2.88 Progress: 44%
Train Loss: 65.13 Perplexity: 3.06 Progress: 49%
Train Loss: 47.63 Perplexity: 2.48 Progress: 54%
Train Loss: 50.45 Perplexity: 2.72 Progress: 59%
Train Loss: 50.53 Perplexity: 2.72 Progress: 64%
Train Loss: 49.18 Perplexity: 2.57 Progress: 69%
Train Loss: 56.08 Perplexity: 2.79 Progress: 74%
Train Loss: 66.35 Perplexity: 3.14 Progress: 79%
Train Loss: 57.48 Perplexity: 2.88 Progress: 84%
Train Loss: 68.70 Perplexity: 3.27 Progress: 89%
Train Loss: 45.66 Perplexity: 2.60 Progress: 94%
Train Loss: 53.37 Perplexity: 2.76 Progress: 99%
### Epoch 3 Loss: 55.2875 ###
['<s>', 'i', 'keep', 'this', 'photograph', 'close', 'by', 'to', 'me', '--', 'it', '&apos;s', 'in', 'my', 'office', '--', 'because', 'i', '&apos;ve', 'always', 'felt', 'a', 'mystical', 'connection', 'to', 'these', 'two', 'men', ',', 'both', 'of', 'whom', 'i', 'never', 'knew', '.', '</s>']
['i', '&apos;m', 'to', 'this', 'this', 'this', 'to', 'me', '.', 'it', '&apos;s', 'in', 'my', 'office', ',', 'because', 'i', '&apos;ve', 'always', 'felt', 'a', 'a', 'connection', 'to', 'these', 'two', 'men', ',', 'i', '&apos;ve', 'never', 'seen', 'them', '.']

['<s>', 'and', 'i', 'remember', 'there', 'sitting', 'at', 'my', 'desk', 'thinking', ',', '&quot;', 'well', ',', 'i', 'know', 'this', '.', 'this', 'is', 'a', 'great', 'scientific', 'discovery', ',', '&quot;', 'but', 'it', 'was', 'so', 'awful', '.', '</s>']
['and', 'i', 'remember', 'sitting', 'on', 'my', 'desk', ',', 'and', 'i', 'thought', ',', '&quot;', 'i', 'know', '.', 'what', 'a', 'great', 'scientific', 'discovery', ',', '&quot;', 'but', 'it', 'was', 'so', 'awful', '.']

['<s>', 'and', 'i', '&apos;m', 'hopeful', 'because', 'it', '&apos;s', 'not', 'only', 'philanthropy', 'that', '&apos;s', '<unk>', 'itself', ',', 'it', '&apos;s', 'also', 'whole', 'other', 'portions', 'of', 'the', 'social', 'sector', ',', 'and', 'of', 'business', ',', 'that', 'are', 'busy', 'challenging', '&quot;', 'business', 'as', 'usual', '.', '&quot;', '</s>']
['and', 'i', '&apos;m', 'hopeful', ',', 'because', 'not', 'only', 'the', 'philanthropy', 'is', 'organized', ',', 'and', 'other', 'other', 'and', 'and', 'the', 'social', '<unk>', ',', 'and', 'in', 'business', ',', ',', 'the', 'business', 'as', 'it', '&apos;s', '<unk>', '.']

['<s>', 'there', 'are', 'now', ',', 'today', ',', 'so', 'many', 'new', 'funds', 'that', 'are', '<unk>', 'giving', 'and', 'investing', ',', 'bringing', 'together', 'people', 'around', 'a', 'common', 'goal', ',', 'to', 'think', 'bigger', '.', '</s>']
['now', 'today', ',', 'there', 'are', 'so', 'many', 'new', 'foundations', ',', 'the', '<unk>', 'and', 'investments', ',', 'the', 'people', 'together', 'together', ',', 'in', ',', 'in', 'a', 'a', ',', 'in', 'a', 'larger', 'context', '.']

['<s>', 'clay', 'shirky', ',', 'that', 'great', '<unk>', 'of', 'everything', 'networked', ',', 'has', 'captured', 'the', 'assumption', 'that', 'this', 'challenges', 'in', 'such', 'a', 'beautiful', 'way', '.', '</s>']
['clay', 'shirky', ',', 'this', 'great', '<unk>', 'of', 'all', 'the', ',', 'has', 'the', 'the', ',', 'that', 'is', 'the', 'the', '<unk>', ',', 'which', 'is', 'such', 'wonderful', 'wonderful', '.']

['<s>', 'they', '&apos;re', 'closed', 'more', 'and', 'more', 'and', 'more', 'all', 'around', 'the', 'world', 'for', 'the', 'same', 'reason', ',', 'and', 'i', 'believe', 'we', 'shouldn', '&apos;t', 'tolerate', 'that', 'either', '.', '</s>']
['they', '&apos;re', 'all', 'all', 'the', 'the', 'and', 'more', 'and', 'more', 'and', 'more', 'and', 'and', 'and', 'i', 'think', 'that', 'should', 'let', 'the', '<unk>', '.']

['<s>', 'i', 'started', 'out', 'showing', 'how', 'much', 'we', 'had', 'distressed', 'the', 'monterey', 'bay', 'ecosystem', 'with', 'pollution', 'and', 'the', 'canning', 'industry', 'and', 'all', 'of', 'the', 'attendant', 'problems', '.', '</s>']
['i', 'started', 'in', 'the', ',', ',', 'how', 'how', 'we', 'have', 'the', 'ecosystem', 'of', 'monterey', 'bay', 'have', 'have', 'the', 'pollution', 'and', 'the', 'and', 'and', 'the', 'all', 'kinds', 'of', 'problems', '.']

['<s>', 'and', 'just', 'around', 'that', 'time', ',', 'his', 'mother', 'had', 'said', ',', '&quot;', 'have', 'you', 'seen', 'this', 'book', 'by', 'michael', '<unk>', 'called', '&apos;', 'war', 'horse', '&apos;', '?', '&quot;', '</s>']
['about', 'at', 'the', 'same', 'time', ',', 'him', ',', 'his', 'mother', ',', '&quot;', 'do', 'you', 'know', 'the', 'book', 'of', 'michael', '<unk>', '?', '&quot;', '?', '&quot;']

['<s>', 'and', 'you', 'know', ',', 'our', 'modern', 'ways', 'of', 'doing', 'things', 'have', 'their', 'advantages', ',', 'but', 'i', 'believe', 'we', 'should', 'understand', 'the', 'costs', '.', '</s>']
['it', '&apos;s', ',', 'our', 'modern', 'kind', 'of', 'a', 'to', 'a', 'a', ',', ',', 'but', 'i', 'think', 'we', 'should', 'also', 'recognize', 'what', 'price', 'price', '.']

['<s>', 'here', '&apos;s', 'a', 'diagram', 'of', 'the', '<unk>', 'load', 'of', 'dolphins', 'in', '<unk>', 'bay', '.', '</s>']
['here', '&apos;s', 'a', 'diagram', 'of', 'the', 'dolphins', 'in', 'the', '<unk>', 'bay', '.']

['<s>', 'now', 'why', 'does', 'that', 'matter', 'for', 'human', 'health', '?', '</s>']
['now', ',', 'why', 'does', 'this', 'matter', 'a', 'a', 'of', 'human', 'health', '?']

['<s>', 'here', ',', 'craig', 'is', 'working', 'the', 'head', '.', '</s>']
['craig', 'here', 'the', 'head', '.']

['<s>', 'you', 'see', 'the', 'skeletal', 'structure', 'of', 'it', '.', '</s>']
['you', 'saw', 'the', 'skeleton', '.']

['<s>', 'so', ',', 'we', 'have', 'this', 'ability', 'as', 'well', '.', '</s>']
['we', 'also', 'have', 'this', 'ability', '.']

['<s>', 'ak', ':', '<unk>', '<unk>', '<unk>', '.', '</s>']
['<unk>', '--', '<unk>', '<unk>', '.']

['<s>', 'ak', ':', 'we', 'were', 'terrified', '.', '</s>']
['we', 'really', 'really', 'fear', '.']

['<s>', 'we', 'worry', 'that', 'im', ',', 'texting', ',', 'facebook', 'are', '<unk>', 'human', 'intimacy', ',', 'but', '<unk>', '<unk>', '&apos;s', 'research', 'shows', 'how', 'communication', 'tech', 'is', 'capable', 'of', 'cultivating', 'deeper', 'relationships', ',', 'bringing', 'love', 'across', 'barriers', 'like', 'distance', 'and', 'workplace', 'rules', '.', '</s>']
['we', 'we', 'worry', 'about', '<unk>', ',', 'texting', ',', 'facebook', ',', ',', ',', ',', 'but', '<unk>', 'research', 'research', 'language', ',', 'how', 'the', '<unk>', 'the', 'the', 'to', 'the', 'to', 'the', 'to', 'make', 'love', 'of', 'the', ',', 'to', 'and', 'and', 'and', 'and', 'and', '.']

['<s>', 'one', 'of', 'the', 'things', 'that', 'we', '&apos;ve', 'developed', 'in', 'the', 'lab', '--', 'we', '&apos;ve', 'developed', 'several', 'vehicles', '--', 'is', 'what', 'we', 'believe', 'is', 'the', 'world', '&apos;s', 'first', 'autonomously', 'drifting', 'car', '.', '</s>']
['one', 'of', 'the', 'things', 'we', '&apos;ve', 'developed', 'in', 'the', 'lab', '--', 'we', 'evolved', 'several', 'vehicles', '--', '--', 'is', 'how', 'we', 'believe', 'that', 'the', 'first', 'autonomous', '<unk>', 'of', 'the', 'world', '.']

['<s>', 'and', 'he', 'did', 'sometimes', ',', 'believe', 'it', 'or', 'not', ',', 'at', 'a', '<unk>', 'in', 'los', 'angeles', '--', 'one', 'reason', 'to', 'love', 'l.a.', '--', 'back', 'in', 'the', '1940s', '.', '</s>']
['and', 'he', 'won', ',', ',', 'you', ',', 'you', ',', 'you', 'can', '&apos;t', 'think', 'of', 'a', 'in', 'in', 'los', 'angeles', '--', 'a', 'reason', 'to', 'love', 'coffee', '--', 'in', 'the', 'the', 'the', '.']

['<s>', 'i', 'started', 'my', 'firm', 'to', 'help', 'communities', 'across', 'the', 'country', 'realize', 'their', 'own', 'potential', 'to', 'improve', 'everything', 'about', 'the', 'quality', 'of', 'life', 'for', 'their', 'people', '.', '</s>']
['i', 'started', 'to', 'to', 'to', 'to', 'communities', 'in', 'the', 'country', 'to', 'help', 'their', 'their', 'potential', 'potential', 'to', 'improve', 'the', 'entire', 'quality', 'of', 'life', 'of', 'their', 'people', '.']

Epoch 3 validation BLUE score: 0.2491
Train Loss: 56.65 Perplexity: 2.75 Progress: 0%
Train Loss: 57.19 Perplexity: 2.59 Progress: 4%
Train Loss: 63.86 Perplexity: 3.12 Progress: 9%
Train Loss: 45.54 Perplexity: 2.54 Progress: 14%
Train Loss: 47.16 Perplexity: 2.50 Progress: 19%
Train Loss: 50.86 Perplexity: 2.61 Progress: 24%
Train Loss: 54.84 Perplexity: 2.71 Progress: 29%
Train Loss: 48.89 Perplexity: 2.83 Progress: 34%
Train Loss: 57.96 Perplexity: 2.77 Progress: 39%
Train Loss: 61.44 Perplexity: 2.90 Progress: 44%
Train Loss: 51.51 Perplexity: 2.78 Progress: 49%
Train Loss: 55.48 Perplexity: 2.85 Progress: 54%
Train Loss: 54.14 Perplexity: 2.78 Progress: 59%
Train Loss: 43.06 Perplexity: 2.48 Progress: 64%
Train Loss: 44.47 Perplexity: 2.54 Progress: 69%
Train Loss: 47.81 Perplexity: 2.55 Progress: 74%
Train Loss: 67.57 Perplexity: 3.49 Progress: 79%
Train Loss: 54.36 Perplexity: 2.66 Progress: 84%
Train Loss: 60.94 Perplexity: 3.04 Progress: 89%
Train Loss: 54.65 Perplexity: 2.88 Progress: 94%
Train Loss: 61.44 Perplexity: 2.94 Progress: 99%
### Epoch 4 Loss: 54.6613 ###
['<s>', 'i', 'keep', 'this', 'photograph', 'close', 'by', 'to', 'me', '--', 'it', '&apos;s', 'in', 'my', 'office', '--', 'because', 'i', '&apos;ve', 'always', 'felt', 'a', 'mystical', 'connection', 'to', 'these', 'two', 'men', ',', 'both', 'of', 'whom', 'i', 'never', 'knew', '.', '</s>']
['i', '&apos;m', 'this', 'this', 'this', 'to', 'me', '.', 'it', '&apos;s', 'in', 'my', 'office', ',', 'because', 'i', '&apos;ve', 'always', 'felt', 'a', 'a', 'connection', 'to', 'these', 'two', 'men', ',', 'i', '&apos;ve', 'never', 'been', 'seen', '.']

['<s>', 'and', 'i', 'remember', 'there', 'sitting', 'at', 'my', 'desk', 'thinking', ',', '&quot;', 'well', ',', 'i', 'know', 'this', '.', 'this', 'is', 'a', 'great', 'scientific', 'discovery', ',', '&quot;', 'but', 'it', 'was', 'so', 'awful', '.', '</s>']
['and', 'i', 'remember', 'sitting', 'on', 'my', 'desk', ',', 'and', 'i', 'thought', ',', '&quot;', 'i', 'know', '.', 'what', 'a', 'great', 'scientific', 'discovery', ',', '&quot;', 'but', 'it', 'was', 'so', 'terrible', '.']

['<s>', 'and', 'i', '&apos;m', 'hopeful', 'because', 'it', '&apos;s', 'not', 'only', 'philanthropy', 'that', '&apos;s', '<unk>', 'itself', ',', 'it', '&apos;s', 'also', 'whole', 'other', 'portions', 'of', 'the', 'social', 'sector', ',', 'and', 'of', 'business', ',', 'that', 'are', 'busy', 'challenging', '&quot;', 'business', 'as', 'usual', '.', '&quot;', '</s>']
['and', 'i', '&apos;m', 'hopeful', ',', 'because', 'not', 'only', 'the', 'philanthropy', 'is', 'organized', ',', 'and', 'other', 'other', 'of', 'the', 'social', 'and', 'and', 'business', ',', 'use', 'hard', 'to', 'use', 'this', 'business', 'as', 'it', '&apos;s', '<unk>', '.']

['<s>', 'there', 'are', 'now', ',', 'today', ',', 'so', 'many', 'new', 'funds', 'that', 'are', '<unk>', 'giving', 'and', 'investing', ',', 'bringing', 'together', 'people', 'around', 'a', 'common', 'goal', ',', 'to', 'think', 'bigger', '.', '</s>']
['now', ',', 'there', 'are', 'so', 'many', 'new', 'foundations', ',', 'the', '<unk>', 'and', 'investment', 'and', 'investment', 'that', 'people', 'together', 'together', ',', 'in', 'a', 'a', ',', 'in', 'a', 'major', 'context', '.']

['<s>', 'clay', 'shirky', ',', 'that', 'great', '<unk>', 'of', 'everything', 'networked', ',', 'has', 'captured', 'the', 'assumption', 'that', 'this', 'challenges', 'in', 'such', 'a', 'beautiful', 'way', '.', '</s>']
['clay', 'shirky', ',', 'this', 'great', '<unk>', 'of', 'all', 'the', ',', 'has', 'the', 'the', ',', 'that', 'is', 'the', 'the', 'the', '<unk>', ',', 'that', 'that', 'such', 'wonderful', '.']

['<s>', 'they', '&apos;re', 'closed', 'more', 'and', 'more', 'and', 'more', 'all', 'around', 'the', 'world', 'for', 'the', 'same', 'reason', ',', 'and', 'i', 'believe', 'we', 'shouldn', '&apos;t', 'tolerate', 'that', 'either', '.', '</s>']
['they', '&apos;re', 'all', 'all', 'the', 'the', 'and', 'more', 'more', 'and', 'more', 'and', 'more', 'and', 'and', 'i', 'think', 'that', 'should', 'let', 'this', '<unk>', '.']

['<s>', 'i', 'started', 'out', 'showing', 'how', 'much', 'we', 'had', 'distressed', 'the', 'monterey', 'bay', 'ecosystem', 'with', 'pollution', 'and', 'the', 'canning', 'industry', 'and', 'all', 'of', 'the', 'attendant', 'problems', '.', '</s>']
['i', 'started', 'in', 'the', ',', ',', 'how', 'how', 'we', 'have', 'the', 'ecosystem', 'of', 'monterey', 'bay', 'have', 'have', 'the', 'pollution', 'and', 'the', 'and', 'and', 'the', 'and', 'all', 'kinds', 'of', 'problems', '.']

['<s>', 'and', 'just', 'around', 'that', 'time', ',', 'his', 'mother', 'had', 'said', ',', '&quot;', 'have', 'you', 'seen', 'this', 'book', 'by', 'michael', '<unk>', 'called', '&apos;', 'war', 'horse', '&apos;', '?', '&quot;', '</s>']
['about', 'at', 'the', 'same', 'time', ',', 'him', 'asked', 'him', ',', '&quot;', 'do', 'you', 'know', 'the', 'book', 'of', 'michael', '<unk>', '?', 'the', '&quot;', '?', '&quot;']

['<s>', 'and', 'you', 'know', ',', 'our', 'modern', 'ways', 'of', 'doing', 'things', 'have', 'their', 'advantages', ',', 'but', 'i', 'believe', 'we', 'should', 'understand', 'the', 'costs', '.', '</s>']
['it', '&apos;s', ',', 'our', 'modern', 'kind', 'of', 'a', 'something', 'like', 'this', ',', ',', 'but', 'i', 'think', 'we', 'should', 'also', 'recognize', ',', 'which', 'price', '.']

['<s>', 'here', '&apos;s', 'a', 'diagram', 'of', 'the', '<unk>', 'load', 'of', 'dolphins', 'in', '<unk>', 'bay', '.', '</s>']
['here', '&apos;s', 'a', 'graph', 'of', 'the', 'dolphins', 'in', 'the', '<unk>', 'bay', '.']

['<s>', 'now', 'why', 'does', 'that', 'matter', 'for', 'human', 'health', '?', '</s>']
['now', ',', 'why', 'does', 'this', 'matter', 'a', 'a', 'of', 'human', 'health', '?']

['<s>', 'here', ',', 'craig', 'is', 'working', 'the', 'head', '.', '</s>']
['craig', 'here', 'the', 'head', '.']

['<s>', 'you', 'see', 'the', 'skeletal', 'structure', 'of', 'it', '.', '</s>']
['you', 'saw', 'the', 'skeleton', '.']

['<s>', 'so', ',', 'we', 'have', 'this', 'ability', 'as', 'well', '.', '</s>']
['we', 'also', 'have', 'this', 'ability', '.']

['<s>', 'ak', ':', '<unk>', '<unk>', '<unk>', '.', '</s>']
['<unk>', '--', '<unk>', '<unk>', '.']

['<s>', 'ak', ':', 'we', 'were', 'terrified', '.', '</s>']
['we', 'really', 'really', 'afraid', '.']

['<s>', 'we', 'worry', 'that', 'im', ',', 'texting', ',', 'facebook', 'are', '<unk>', 'human', 'intimacy', ',', 'but', '<unk>', '<unk>', '&apos;s', 'research', 'shows', 'how', 'communication', 'tech', 'is', 'capable', 'of', 'cultivating', 'deeper', 'relationships', ',', 'bringing', 'love', 'across', 'barriers', 'like', 'distance', 'and', 'workplace', 'rules', '.', '</s>']
['we', 'we', 'worry', 'about', '<unk>', ',', 'texting', ',', 'facebook', ',', ',', 'of', 'the', '<unk>', '<unk>', 'research', ',', ',', 'how', 'the', 'the', 'the', 'the', 'to', 'the', 'the', 'relationships', ',', 'to', 'make', 'love', 'of', 'the', 'as', 'distance', 'and', 'and', 'and', 'and', '.']

['<s>', 'one', 'of', 'the', 'things', 'that', 'we', '&apos;ve', 'developed', 'in', 'the', 'lab', '--', 'we', '&apos;ve', 'developed', 'several', 'vehicles', '--', 'is', 'what', 'we', 'believe', 'is', 'the', 'world', '&apos;s', 'first', 'autonomously', 'drifting', 'car', '.', '</s>']
['one', 'of', 'the', 'things', 'we', '&apos;ve', 'developed', 'in', 'the', 'laboratory', '--', 'we', 'developed', 'several', 'vehicles', '--', '--', 'is', 'how', 'we', 'believe', 'that', 'the', 'first', 'autonomous', 'world', 'of', 'the', 'world', '.']

['<s>', 'and', 'he', 'did', 'sometimes', ',', 'believe', 'it', 'or', 'not', ',', 'at', 'a', '<unk>', 'in', 'los', 'angeles', '--', 'one', 'reason', 'to', 'love', 'l.a.', '--', 'back', 'in', 'the', '1940s', '.', '</s>']
['and', 'he', 'won', ',', ',', 'you', ',', 'you', 'can', '&apos;t', 'think', 'of', 'a', 'in', 'in', 'los', 'angeles', '--', 'a', 'reason', 'to', 'love', 'love', '--', 'in', 'the', 'the', 'the', '.']

['<s>', 'i', 'started', 'my', 'firm', 'to', 'help', 'communities', 'across', 'the', 'country', 'realize', 'their', 'own', 'potential', 'to', 'improve', 'everything', 'about', 'the', 'quality', 'of', 'life', 'for', 'their', 'people', '.', '</s>']
['i', 'started', 'to', 'to', 'to', 'to', 'communities', 'in', 'the', 'country', 'to', 'help', 'their', 'their', 'potential', 'potential', 'to', 'improve', 'the', 'entire', 'quality', 'of', 'life', 'of', 'their', 'people', '.']

Epoch 4 validation BLUE score: 0.2496
Train Loss: 59.85 Perplexity: 2.77 Progress: 0%
Train Loss: 45.13 Perplexity: 2.34 Progress: 4%
Train Loss: 54.85 Perplexity: 2.86 Progress: 9%
Train Loss: 55.77 Perplexity: 2.76 Progress: 14%
Train Loss: 57.30 Perplexity: 2.76 Progress: 19%
Train Loss: 50.43 Perplexity: 2.59 Progress: 24%
